2025-04-20 10:53:27,568 [INFO] Next update in ~30 minutes
2025-04-20 12:33:50,577 [INFO] Updating articles...
2025-04-20 12:33:50,577 [INFO] Fetching new articles...
2025-04-20 12:33:50,871 [INFO] =Done fetching articles.
2025-04-20 12:33:50,871 [INFO] Next update in ~30 minutes
2025-04-21 09:38:57,461 [INFO] Updating articles...
2025-04-21 09:38:57,461 [INFO] Fetching new articles...
2025-04-21 09:38:58,205 [INFO] Done fetching articles.
2025-04-21 09:38:58,205 [INFO] Next update in ~30 minutes
2025-04-21 09:43:58,206 [INFO] Next update in ~25 minutes
2025-04-21 09:48:58,207 [INFO] Next update in ~20 minutes
2025-04-21 09:53:58,207 [INFO] Next update in ~15 minutes
2025-04-21 09:58:58,207 [INFO] Next update in ~10 minutes
2025-04-21 10:03:58,208 [INFO] Next update in ~5 minutes
2025-04-21 10:08:58,208 [INFO] Updating articles...
2025-04-21 10:08:58,208 [INFO] Fetching new articles...
2025-04-21 10:08:58,542 [INFO] Done fetching articles.
2025-04-21 10:08:58,543 [INFO] Next update in ~30 minutes
2025-04-21 10:13:58,543 [INFO] Next update in ~25 minutes
2025-04-21 10:18:58,544 [INFO] Next update in ~20 minutes
2025-04-21 10:23:58,544 [INFO] Next update in ~15 minutes
2025-04-21 10:28:58,544 [INFO] Next update in ~10 minutes
2025-04-21 10:33:58,545 [INFO] Next update in ~5 minutes
2025-04-21 10:38:58,545 [INFO] Updating articles...
2025-04-21 10:38:58,545 [INFO] Fetching new articles...
2025-04-21 10:40:28,753 [INFO] Done fetching articles.
2025-04-21 10:40:28,753 [INFO] Next update in ~30 minutes
2025-04-21 10:45:28,754 [INFO] Next update in ~25 minutes
2025-04-21 10:50:28,755 [INFO] Next update in ~20 minutes
2025-04-21 10:55:28,755 [INFO] Next update in ~15 minutes
2025-04-21 11:00:28,756 [INFO] Next update in ~10 minutes
2025-04-21 11:05:28,756 [INFO] Next update in ~5 minutes
2025-04-21 11:10:28,757 [INFO] Updating articles...
2025-04-21 11:10:28,757 [INFO] Fetching new articles...
2025-04-21 11:10:29,126 [INFO] Done fetching articles.
2025-04-21 11:10:29,126 [INFO] Next update in ~30 minutes
2025-04-21 11:15:29,127 [INFO] Next update in ~25 minutes
2025-04-21 11:20:29,127 [INFO] Next update in ~20 minutes
2025-04-21 11:25:29,128 [INFO] Next update in ~15 minutes
2025-04-21 11:30:29,128 [INFO] Next update in ~10 minutes
2025-04-21 11:35:29,129 [INFO] Next update in ~5 minutes
2025-04-21 11:40:29,129 [INFO] Updating articles...
2025-04-21 11:40:29,129 [INFO] Fetching new articles...
2025-04-21 11:40:29,524 [INFO] Done fetching articles.
2025-04-21 11:40:29,524 [INFO] Next update in ~30 minutes
2025-04-21 11:45:29,525 [INFO] Next update in ~25 minutes
2025-04-21 11:50:29,526 [INFO] Next update in ~20 minutes
2025-04-21 11:55:29,526 [INFO] Next update in ~15 minutes
2025-04-21 12:00:29,527 [INFO] Next update in ~10 minutes
2025-04-21 12:05:29,527 [INFO] Next update in ~5 minutes
2025-04-21 12:10:29,528 [INFO] Updating articles...
2025-04-21 12:10:29,528 [INFO] Fetching new articles...
2025-04-21 12:10:29,887 [INFO] Done fetching articles.
2025-04-21 12:10:29,887 [INFO] Next update in ~30 minutes
2025-04-21 12:15:29,888 [INFO] Next update in ~25 minutes
2025-04-21 12:20:29,888 [INFO] Next update in ~20 minutes
2025-04-21 12:25:29,889 [INFO] Next update in ~15 minutes
2025-04-21 12:30:29,890 [INFO] Next update in ~10 minutes
2025-04-24 10:47:18,277 [INFO] Updating articles...
2025-04-24 10:47:18,277 [INFO] Fetching new articles...
2025-04-24 10:47:18,277 [ERROR] Scheduler error: too many values to unpack (expected 2)
2025-04-24 10:47:18,278 [INFO] Next update in ~30 minutes
2025-04-24 10:49:08,336 [INFO] Updating articles...
2025-04-24 10:49:08,336 [INFO] Fetching new articles...
2025-04-24 10:49:10,111 [INFO] Done fetching articles.
2025-04-24 10:49:10,111 [INFO] Next update in ~30 minutes
2025-04-24 10:54:10,111 [INFO] Next update in ~25 minutes
2025-04-24 10:59:10,112 [INFO] Next update in ~20 minutes
2025-04-24 11:04:10,113 [INFO] Next update in ~15 minutes
2025-04-24 11:09:10,113 [INFO] Next update in ~10 minutes
2025-04-24 11:14:10,114 [INFO] Next update in ~5 minutes
2025-04-24 11:19:10,115 [INFO] Updating articles...
2025-04-24 11:19:10,115 [INFO] Fetching new articles...
2025-04-24 11:19:11,839 [INFO] Done fetching articles.
2025-04-24 11:19:11,839 [INFO] Next update in ~30 minutes
2025-04-24 11:24:11,839 [INFO] Next update in ~25 minutes
2025-04-24 11:29:11,839 [INFO] Next update in ~20 minutes
2025-04-24 11:34:11,841 [INFO] Next update in ~15 minutes
2025-04-24 11:39:11,841 [INFO] Next update in ~10 minutes
2025-04-24 11:44:11,842 [INFO] Next update in ~5 minutes
2025-04-24 11:49:11,842 [INFO] Updating articles...
2025-04-24 11:49:11,842 [INFO] Fetching new articles...
2025-04-24 11:49:13,814 [INFO] Done fetching articles.
2025-04-24 11:49:13,814 [INFO] Next update in ~30 minutes
2025-04-26 13:11:57,229 [ERROR] [Error] Failed fetching from https://krebsonsecurity.com/feed/ (cyber_news): no such table: favorites
2025-04-26 13:11:57,542 [ERROR] [Error] Failed fetching from https://feeds.feedburner.com/TheHackersNews (cyber_news): no such table: favorites
2025-04-26 13:11:57,644 [ERROR] [Error] Failed fetching from https://www.cisa.gov/news.xml (cyber_news): no such table: favorites
2025-04-26 13:11:58,109 [ERROR] [Error] Failed fetching from https://securelist.com/feed/ (cyber_news): no such table: favorites
2025-04-26 13:11:58,265 [ERROR] [Error] Failed fetching from https://www.bleepingcomputer.com/feed/ (cyber_news): no such table: favorites
2025-04-26 13:13:11,919 [ERROR] [Error] Failed fetching from https://krebsonsecurity.com/feed/ (cyber_news): table favorites has no column named keyword
2025-04-26 13:13:12,228 [ERROR] [Error] Failed fetching from https://feeds.feedburner.com/TheHackersNews (cyber_news): table favorites has no column named keyword
2025-04-26 13:13:12,302 [ERROR] [Error] Failed fetching from https://www.cisa.gov/news.xml (cyber_news): table favorites has no column named keyword
2025-04-26 13:13:12,717 [ERROR] [Error] Failed fetching from https://securelist.com/feed/ (cyber_news): table favorites has no column named keyword
2025-04-26 13:13:12,832 [ERROR] [Error] Failed fetching from https://www.bleepingcomputer.com/feed/ (cyber_news): table favorites has no column named keyword
2025-04-26 13:16:06,665 [ERROR] [Error] Failed fetching from https://krebsonsecurity.com/feed/ (cyber_news): table favorites has no column named keyword
2025-04-26 13:16:06,978 [ERROR] [Error] Failed fetching from https://feeds.feedburner.com/TheHackersNews (cyber_news): table favorites has no column named keyword
2025-04-26 13:16:07,073 [ERROR] [Error] Failed fetching from https://www.cisa.gov/news.xml (cyber_news): table favorites has no column named keyword
2025-04-26 13:16:07,484 [ERROR] [Error] Failed fetching from https://securelist.com/feed/ (cyber_news): table favorites has no column named keyword
2025-04-26 13:16:07,626 [ERROR] [Error] Failed fetching from https://www.bleepingcomputer.com/feed/ (cyber_news): table favorites has no column named keyword
2025-04-27 09:29:49,896 [ERROR] [Error] Failed fetching from https://krebsonsecurity.com/feed/ (cyber_news): UNIQUE constraint failed: favorites.link
2025-04-27 09:29:50,279 [ERROR] [Error] Failed fetching from https://feeds.feedburner.com/TheHackersNews (cyber_news): UNIQUE constraint failed: favorites.link
2025-04-27 09:29:50,423 [ERROR] [Error] Failed fetching from https://www.cisa.gov/news.xml (cyber_news): UNIQUE constraint failed: favorites.link
2025-04-27 09:29:51,138 [ERROR] [Error] Failed fetching from https://securelist.com/feed/ (cyber_news): UNIQUE constraint failed: favorites.link
2025-04-27 09:29:51,306 [ERROR] [Error] Failed fetching from https://www.bleepingcomputer.com/feed/ (cyber_news): UNIQUE constraint failed: favorites.link
2025-04-27 10:47:10,781 [INFO] Updating articles...
2025-04-27 10:47:10,782 [INFO] Fetching new articles...
2025-04-27 10:47:13,727 [INFO] Done fetching articles.
2025-04-27 10:47:13,727 [INFO] Next update in ~30 minutes
2025-04-27 10:49:26,497 [INFO] Updating articles...
2025-04-27 10:49:26,497 [INFO] Fetching new articles...
2025-04-27 10:49:29,087 [INFO] Done fetching articles.
2025-04-27 10:49:29,087 [INFO] Next update in ~30 minutes
2025-05-17 09:07:17,928 [INFO] Updating articles...
2025-05-17 09:07:17,929 [INFO] Fetching new articles...
2025-05-17 09:07:19,594 [INFO] Done fetching articles.
2025-05-17 09:07:19,594 [INFO] Next update in ~30 minutes
2025-05-17 09:07:24,596 [INFO] Scheduler shutdown cleanly.
2025-05-17 09:08:19,414 [INFO] Updating articles...
2025-05-17 09:08:19,414 [INFO] Fetching new articles...
2025-05-17 09:08:21,109 [INFO] Done fetching articles.
2025-05-17 09:08:21,109 [INFO] Next update in ~30 minutes
2025-05-17 09:08:26,110 [INFO] Scheduler shutdown cleanly.
2025-05-27 09:33:57,597 [INFO] Updating articles...
2025-05-27 09:33:57,598 [INFO] Fetching new articles...
2025-05-27 09:33:59,270 [INFO] Done fetching articles.
2025-05-27 09:33:59,270 [INFO] Next update in ~30 minutes
2025-05-27 09:34:09,272 [INFO] Scheduler shutdown cleanly.
2025-05-27 09:39:16,617 [INFO] Updating articles...
2025-05-27 09:39:16,618 [INFO] Fetching new articles...
2025-05-27 09:39:18,473 [INFO] Done fetching articles.
2025-05-27 09:39:18,473 [INFO] Next update in ~30 minutes
2025-05-27 09:39:23,473 [INFO] Scheduler shutdown cleanly.
2025-05-27 09:41:10,536 [INFO] Updating articles...
2025-05-27 09:41:10,537 [INFO] Fetching new articles...
2025-05-27 09:41:12,341 [INFO] Done fetching articles.
2025-05-27 09:41:34,945 [INFO] Updating articles...
2025-05-27 09:41:34,945 [INFO] Fetching new articles...
2025-05-27 09:41:37,177 [INFO] Done fetching articles.
2025-05-27 09:42:07,375 [INFO] Updating articles...
2025-05-27 09:42:07,375 [INFO] Fetching new articles...
2025-05-27 09:42:09,188 [INFO] Done fetching articles.
2025-05-27 09:48:02,207 [INFO] Updating articles...
2025-05-27 09:48:02,207 [INFO] Fetching new articles...
2025-05-27 09:48:04,085 [INFO] Done fetching articles.
2025-05-27 09:48:04,085 [INFO] Next update in ~5 minutes
2025-05-27 09:48:09,086 [INFO] Scheduler shutdown cleanly.
2025-05-27 09:48:15,255 [INFO] Updating articles...
2025-05-27 09:48:15,255 [INFO] Fetching new articles...
2025-05-27 09:48:17,022 [INFO] Done fetching articles.
2025-05-27 09:48:17,022 [INFO] Next update in ~30 minutes
2025-05-27 09:48:27,023 [INFO] Scheduler shutdown cleanly.
2026-05-10 18:33:52,105 [INFO] Updating articles...
2026-05-10 18:33:52,105 [INFO] Fetching new articles...
2026-05-10 18:33:53,386 [INFO] Done fetching articles.
2026-05-10 18:33:53,386 [INFO] Next update in ~30 minutes
